<?xml version="1.0" encoding="UTF-8"?>
<!-- Generated by org.testng.reporters.JUnitXMLReporter -->
<testsuite ignored="0" hostname="LAPTOP-K0VICAU8" failures="0" tests="3" name="Command line test" time="23.153" errors="0" timestamp="2024-07-28T18:26:38 IST">
  <testcase classname="demo.Login" name="invalid_email" time="5.609"/>
  <testcase classname="demo.Login" name="invalid_passwword" time="2.015"/>
  <testcase classname="demo.Login" name="successful_login" time="2.617"/>
</testsuite> <!-- Command line test -->
