<?xml version="1.0" encoding="UTF-8"?>
<!-- Generated by org.testng.reporters.JUnitXMLReporter -->
<testsuite ignored="0" hostname="LAPTOP-K0VICAU8" failures="2" tests="3" name="Command line test" time="78.246" errors="0" timestamp="2024-07-27T03:16:20 IST">
  <testcase classname="demo.Login" name="@AfterTest teardown" time="0.029">
    <failure type="java.lang.NullPointerException" message="Cannot invoke &amp;quot;com.microsoft.playwright.Browser.close()&amp;quot; because &amp;quot;demo.Login.browser&amp;quot; is null">
      <![CDATA[java.lang.NullPointerException: Cannot invoke "com.microsoft.playwright.Browser.close()" because "demo.Login.browser" is null
at demo.Login.teardown(Login.java:31)
at demo.Login.main(Login.java:90)
... Removed 21 stack frames]]>
    </failure>
  </testcase> <!-- @AfterTest teardown -->
  <testcase classname="demo.Login" name="invalid_email" time="33.524">
    <failure type="com.microsoft.playwright.TimeoutError" message="Error {
  message=&amp;apos;Timeout 30000ms exceeded.
  name=&amp;apos;TimeoutError
  stack=&amp;apos;TimeoutError: Timeout 30000ms exceeded.
    at ProgressController.run (C:\Users\Asus\AppData\Local\Temp\playwright-java-3431928606575065110\package\lib\server\progress.js:78:26)
    at Frame.waitForSelector (C:\Users\Asus\AppData\Local\Temp\playwright-java-3431928606575065110\package\lib\server\frames.js:619:23)
    at FrameDispatcher.waitForSelector (C:\Users\Asus\AppData\Local\Temp\playwright-java-3431928606575065110\package\lib\server\dispatchers\frameDispatcher.js:105:103)
    at FrameDispatcher._handleCommand (C:\Users\Asus\AppData\Local\Temp\playwright-java-3431928606575065110\package\lib\server\dispatchers\dispatcher.js:94:40)
    at DispatcherConnection.dispatch (C:\Users\Asus\AppData\Local\Temp\playwright-java-3431928606575065110\package\lib\server\dispatchers\dispatcher.js:361:39)
}
Call log:
- waiting for locator(&amp;quot;text=Invalid email or password&amp;quot;) to be visible
">
      <![CDATA[com.microsoft.playwright.TimeoutError: Error {
  message='Timeout 30000ms exceeded.
  name='TimeoutError
  stack='TimeoutError: Timeout 30000ms exceeded.
    at ProgressController.run (C:\Users\Asus\AppData\Local\Temp\playwright-java-3431928606575065110\package\lib\server\progress.js:78:26)
    at Frame.waitForSelector (C:\Users\Asus\AppData\Local\Temp\playwright-java-3431928606575065110\package\lib\server\frames.js:619:23)
    at FrameDispatcher.waitForSelector (C:\Users\Asus\AppData\Local\Temp\playwright-java-3431928606575065110\package\lib\server\dispatchers\frameDispatcher.js:105:103)
    at FrameDispatcher._handleCommand (C:\Users\Asus\AppData\Local\Temp\playwright-java-3431928606575065110\package\lib\server\dispatchers\dispatcher.js:94:40)
    at DispatcherConnection.dispatch (C:\Users\Asus\AppData\Local\Temp\playwright-java-3431928606575065110\package\lib\server\dispatchers\dispatcher.js:361:39)
}
Call log:
- waiting for locator("text=Invalid email or password") to be visible

at com.microsoft.playwright.impl.WaitableResult.get(WaitableResult.java:52)
at com.microsoft.playwright.impl.ChannelOwner.runUntil(ChannelOwner.java:120)
at com.microsoft.playwright.impl.Connection.sendMessage(Connection.java:130)
at com.microsoft.playwright.impl.ChannelOwner.sendMessage(ChannelOwner.java:106)
at com.microsoft.playwright.impl.FrameImpl.waitForSelectorImpl(FrameImpl.java:1060)
at com.microsoft.playwright.impl.FrameImpl.waitForSelectorImpl(FrameImpl.java:1050)
at com.microsoft.playwright.impl.PageImpl.lambda$waitForSelector$93(PageImpl.java:1553)
at com.microsoft.playwright.impl.LoggingSupport.withLogging(LoggingSupport.java:47)
at com.microsoft.playwright.impl.ChannelOwner.withLogging(ChannelOwner.java:89)
at com.microsoft.playwright.impl.PageImpl.waitForSelector(PageImpl.java:1552)
at com.microsoft.playwright.Page.waitForSelector(Page.java:8257)
at demo.Login.invalid_email(Login.java:63)
at java.base/java.util.ArrayList.forEach(ArrayList.java:1511)
at demo.Login.main(Login.java:90)
Caused by: com.microsoft.playwright.TimeoutError: Error {
  message='Timeout 30000ms exceeded.
  name='TimeoutError
  stack='TimeoutError: Timeout 30000ms exceeded.
    at ProgressController.run (C:\Users\Asus\AppData\Local\Temp\playwright-java-3431928606575065110\package\lib\server\progress.js:78:26)
    at Frame.waitForSelector (C:\Users\Asus\AppData\Local\Temp\playwright-java-3431928606575065110\package\lib\server\frames.js:619:23)
    at FrameDispatcher.waitForSelector (C:\Users\Asus\AppData\Local\Temp\playwright-java-3431928606575065110\package\lib\server\dispatchers\frameDispatcher.js:105:103)
    at FrameDispatcher._handleCommand (C:\Users\Asus\AppData\Local\Temp\playwright-java-3431928606575065110\package\lib\server\dispatchers\dispatcher.js:94:40)
    at DispatcherConnection.dispatch (C:\Users\Asus\AppData\Local\Temp\playwright-java-3431928606575065110\package\lib\server\dispatchers\dispatcher.js:361:39)
}
Call log:
- waiting for locator("text=Invalid email or password") to be visible

at com.microsoft.playwright.impl.Connection.dispatch(Connection.java:254)
at com.microsoft.playwright.impl.Connection.processOneMessage(Connection.java:211)
at com.microsoft.playwright.impl.ChannelOwner.runUntil(ChannelOwner.java:118)
... 36 more
... Removed 24 stack frames]]>
    </failure>
  </testcase> <!-- invalid_email -->
  <testcase classname="demo.Login" name="invalid_passwword" time="31.342">
    <failure type="com.microsoft.playwright.TimeoutError" message="Error {
  message=&amp;apos;Timeout 30000ms exceeded.
  name=&amp;apos;TimeoutError
  stack=&amp;apos;TimeoutError: Timeout 30000ms exceeded.
    at ProgressController.run (C:\Users\Asus\AppData\Local\Temp\playwright-java-3431928606575065110\package\lib\server\progress.js:78:26)
    at Frame.waitForSelector (C:\Users\Asus\AppData\Local\Temp\playwright-java-3431928606575065110\package\lib\server\frames.js:619:23)
    at FrameDispatcher.waitForSelector (C:\Users\Asus\AppData\Local\Temp\playwright-java-3431928606575065110\package\lib\server\dispatchers\frameDispatcher.js:105:103)
    at FrameDispatcher._handleCommand (C:\Users\Asus\AppData\Local\Temp\playwright-java-3431928606575065110\package\lib\server\dispatchers\dispatcher.js:94:40)
    at DispatcherConnection.dispatch (C:\Users\Asus\AppData\Local\Temp\playwright-java-3431928606575065110\package\lib\server\dispatchers\dispatcher.js:361:39)
}
Call log:
- waiting for locator(&amp;quot;text=Invalid email or password&amp;quot;) to be visible
">
      <![CDATA[com.microsoft.playwright.TimeoutError: Error {
  message='Timeout 30000ms exceeded.
  name='TimeoutError
  stack='TimeoutError: Timeout 30000ms exceeded.
    at ProgressController.run (C:\Users\Asus\AppData\Local\Temp\playwright-java-3431928606575065110\package\lib\server\progress.js:78:26)
    at Frame.waitForSelector (C:\Users\Asus\AppData\Local\Temp\playwright-java-3431928606575065110\package\lib\server\frames.js:619:23)
    at FrameDispatcher.waitForSelector (C:\Users\Asus\AppData\Local\Temp\playwright-java-3431928606575065110\package\lib\server\dispatchers\frameDispatcher.js:105:103)
    at FrameDispatcher._handleCommand (C:\Users\Asus\AppData\Local\Temp\playwright-java-3431928606575065110\package\lib\server\dispatchers\dispatcher.js:94:40)
    at DispatcherConnection.dispatch (C:\Users\Asus\AppData\Local\Temp\playwright-java-3431928606575065110\package\lib\server\dispatchers\dispatcher.js:361:39)
}
Call log:
- waiting for locator("text=Invalid email or password") to be visible

at com.microsoft.playwright.impl.WaitableResult.get(WaitableResult.java:52)
at com.microsoft.playwright.impl.ChannelOwner.runUntil(ChannelOwner.java:120)
at com.microsoft.playwright.impl.Connection.sendMessage(Connection.java:130)
at com.microsoft.playwright.impl.ChannelOwner.sendMessage(ChannelOwner.java:106)
at com.microsoft.playwright.impl.FrameImpl.waitForSelectorImpl(FrameImpl.java:1060)
at com.microsoft.playwright.impl.FrameImpl.waitForSelectorImpl(FrameImpl.java:1050)
at com.microsoft.playwright.impl.PageImpl.lambda$waitForSelector$93(PageImpl.java:1553)
at com.microsoft.playwright.impl.LoggingSupport.withLogging(LoggingSupport.java:47)
at com.microsoft.playwright.impl.ChannelOwner.withLogging(ChannelOwner.java:89)
at com.microsoft.playwright.impl.PageImpl.waitForSelector(PageImpl.java:1552)
at com.microsoft.playwright.Page.waitForSelector(Page.java:8257)
at demo.Login.invalid_passwword(Login.java:79)
at java.base/java.util.ArrayList.forEach(ArrayList.java:1511)
at demo.Login.main(Login.java:90)
Caused by: com.microsoft.playwright.TimeoutError: Error {
  message='Timeout 30000ms exceeded.
  name='TimeoutError
  stack='TimeoutError: Timeout 30000ms exceeded.
    at ProgressController.run (C:\Users\Asus\AppData\Local\Temp\playwright-java-3431928606575065110\package\lib\server\progress.js:78:26)
    at Frame.waitForSelector (C:\Users\Asus\AppData\Local\Temp\playwright-java-3431928606575065110\package\lib\server\frames.js:619:23)
    at FrameDispatcher.waitForSelector (C:\Users\Asus\AppData\Local\Temp\playwright-java-3431928606575065110\package\lib\server\dispatchers\frameDispatcher.js:105:103)
    at FrameDispatcher._handleCommand (C:\Users\Asus\AppData\Local\Temp\playwright-java-3431928606575065110\package\lib\server\dispatchers\dispatcher.js:94:40)
    at DispatcherConnection.dispatch (C:\Users\Asus\AppData\Local\Temp\playwright-java-3431928606575065110\package\lib\server\dispatchers\dispatcher.js:361:39)
}
Call log:
- waiting for locator("text=Invalid email or password") to be visible

at com.microsoft.playwright.impl.Connection.dispatch(Connection.java:254)
at com.microsoft.playwright.impl.Connection.processOneMessage(Connection.java:211)
at com.microsoft.playwright.impl.ChannelOwner.runUntil(ChannelOwner.java:118)
... 36 more
... Removed 24 stack frames]]>
    </failure>
  </testcase> <!-- invalid_passwword -->
  <testcase classname="demo.Login" name="successful_login" time="3.795"/>
</testsuite> <!-- Command line test -->
