<?xml version="1.0" encoding="UTF-8"?>
<testng-results ignored="0" total="3" passed="3" failed="0" skipped="0">
  <reporter-output>
  </reporter-output>
  <suite started-at="2024-07-28T18:26:15 IST" name="Command line suite" finished-at="2024-07-28T18:26:38 IST" duration-ms="23153">
    <groups>
    </groups>
    <test started-at="2024-07-28T18:26:15 IST" name="Command line test" finished-at="2024-07-28T18:26:38 IST" duration-ms="23153">
      <class name="demo.Login">
        <test-method is-config="true" signature="setup()[pri:0, instance:demo.Login@76a4d6c]" started-at="2024-07-28T18:26:15 IST" name="setup" finished-at="2024-07-28T18:26:26 IST" duration-ms="11343" status="PASS">
          <reporter-output>
          </reporter-output>
        </test-method> <!-- setup -->
        <test-method signature="invalid_email()[pri:0, instance:demo.Login@76a4d6c]" started-at="2024-07-28T18:26:26 IST" name="invalid_email" finished-at="2024-07-28T18:26:32 IST" duration-ms="5609" status="PASS">
          <reporter-output>
          </reporter-output>
        </test-method> <!-- invalid_email -->
        <test-method signature="invalid_passwword()[pri:0, instance:demo.Login@76a4d6c]" started-at="2024-07-28T18:26:32 IST" name="invalid_passwword" finished-at="2024-07-28T18:26:34 IST" duration-ms="2015" status="PASS">
          <reporter-output>
          </reporter-output>
        </test-method> <!-- invalid_passwword -->
        <test-method signature="successful_login()[pri:0, instance:demo.Login@76a4d6c]" started-at="2024-07-28T18:26:34 IST" name="successful_login" finished-at="2024-07-28T18:26:37 IST" duration-ms="2617" status="PASS">
          <reporter-output>
          </reporter-output>
        </test-method> <!-- successful_login -->
        <test-method is-config="true" signature="teardown()[pri:0, instance:demo.Login@76a4d6c]" started-at="2024-07-28T18:26:37 IST" name="teardown" finished-at="2024-07-28T18:26:38 IST" duration-ms="1418" status="PASS">
          <reporter-output>
          </reporter-output>
        </test-method> <!-- teardown -->
      </class> <!-- demo.Login -->
    </test> <!-- Command line test -->
  </suite> <!-- Command line suite -->
</testng-results>
